<?xml version="1.0" ?>
<!DOCTYPE coverage SYSTEM 'http://cobertura.sourceforge.net/xml/coverage-04.dtd'>
<coverage line-rate="0.975" lines-covered="275" lines-valid="282" branch-rate="1.0" branches-covered="1.0" branches-rate="1.0" complexity="1.0" version="1.9" timestamp="1649247962">
	<sources>
		<source>/home/user/.opt/q9f/secp256k1.cr/src/</source>
	</sources>
	<packages>
		<package name="run_coverage" line-rate="0.975" lines-covered="275" lines-valid="282" branch-rate="1.0" complexity="1.0">
			<classes>
				<class name="context_cr" filename="secp256k1/context.cr" branch-rate="1.0" complexity="1.0" line-rate="0.929">
					<lines>
						<line number="50" hits="2"/>
						<line number="51" hits="1"/>
						<line number="52" hits="1"/>
						<line number="53" hits="1"/>
						<line number="54" hits="1"/>
						<line number="55" hits="1"/>
						<line number="56" hits="1"/>
						<line number="57" hits="1"/>
						<line number="58" hits="1"/>
						<line number="59" hits="1"/>
						<line number="60" hits="1"/>
						<line number="61" hits="2"/>
						<line number="62" hits="0"/>
						<line number="63" hits="2"/>
						<line number="64" hits="0"/>
						<line number="65" hits="2"/>
						<line number="66" hits="1"/>
						<line number="68" hits="4"/>
						<line number="70" hits="1"/>
						<line number="71" hits="1"/>
						<line number="72" hits="1"/>
						<line number="73" hits="1"/>
						<line number="97" hits="2"/>
						<line number="98" hits="1"/>
						<line number="99" hits="1"/>
						<line number="100" hits="1"/>
						<line number="101" hits="1"/>
						<line number="102" hits="1"/>
					</lines>
				</class>
				<class name="bitcoin_cr" filename="bitcoin.cr" branch-rate="1.0" complexity="1.0" line-rate="0.955">
					<lines>
						<line number="79" hits="7"/>
						<line number="80" hits="1"/>
						<line number="81" hits="0"/>
						<line number="83" hits="1"/>
						<line number="84" hits="1"/>
						<line number="85" hits="1"/>
						<line number="86" hits="1"/>
						<line number="87" hits="1"/>
						<line number="88" hits="1"/>
						<line number="92" hits="4"/>
						<line number="93" hits="1"/>
						<line number="94" hits="1"/>
						<line number="95" hits="1"/>
						<line number="97" hits="1"/>
						<line number="98" hits="1"/>
						<line number="99" hits="1"/>
						<line number="100" hits="1"/>
						<line number="101" hits="1"/>
						<line number="102" hits="1"/>
						<line number="103" hits="1"/>
						<line number="107" hits="4"/>
						<line number="108" hits="1"/>
						<line number="109" hits="1"/>
						<line number="110" hits="1"/>
						<line number="111" hits="1"/>
						<line number="113" hits="1"/>
						<line number="114" hits="1"/>
						<line number="115" hits="1"/>
						<line number="116" hits="1"/>
						<line number="117" hits="1"/>
						<line number="121" hits="1"/>
						<line number="122" hits="1"/>
						<line number="123" hits="1"/>
						<line number="124" hits="1"/>
						<line number="125" hits="1"/>
						<line number="126" hits="1"/>
						<line number="127" hits="1"/>
						<line number="129" hits="1"/>
						<line number="130" hits="1"/>
						<line number="131" hits="1"/>
						<line number="132" hits="1"/>
						<line number="133" hits="0"/>
						<line number="134" hits="2"/>
						<line number="136" hits="1"/>
					</lines>
				</class>
				<class name="util_cr" filename="secp256k1/util.cr" branch-rate="1.0" complexity="1.0" line-rate="0.932">
					<lines>
						<line number="35" hits="6"/>
						<line number="36" hits="2"/>
						<line number="38" hits="1"/>
						<line number="40" hits="1"/>
						<line number="59" hits="6"/>
						<line number="60" hits="2"/>
						<line number="62" hits="1"/>
						<line number="64" hits="1"/>
						<line number="82" hits="4"/>
						<line number="83" hits="3"/>
						<line number="85" hits="1"/>
						<line number="87" hits="2"/>
						<line number="105" hits="4"/>
						<line number="106" hits="3"/>
						<line number="108" hits="1"/>
						<line number="110" hits="2"/>
						<line number="135" hits="4"/>
						<line number="136" hits="1"/>
						<line number="137" hits="1"/>
						<line number="138" hits="1"/>
						<line number="139" hits="2"/>
						<line number="140" hits="3"/>
						<line number="141" hits="3"/>
						<line number="142" hits="3"/>
						<line number="143" hits="2"/>
						<line number="144" hits="2"/>
						<line number="145" hits="3"/>
						<line number="146" hits="3"/>
						<line number="147" hits="3"/>
						<line number="148" hits="2"/>
						<line number="150" hits="1"/>
						<line number="151" hits="2"/>
						<line number="152" hits="3"/>
						<line number="153" hits="2"/>
						<line number="155" hits="1"/>
						<line number="156" hits="2"/>
						<line number="159" hits="0"/>
						<line number="160" hits="0"/>
						<line number="161" hits="0"/>
						<line number="177" hits="2"/>
						<line number="178" hits="1"/>
						<line number="180" hits="1"/>
						<line number="183" hits="1"/>
						<line number="185" hits="1"/>
					</lines>
				</class>
				<class name="curve_cr" filename="secp256k1/curve.cr" branch-rate="1.0" complexity="1.0" line-rate="1.000">
					<lines>
						<line number="37" hits="8"/>
						<line number="38" hits="1"/>
						<line number="39" hits="2"/>
						<line number="40" hits="2"/>
						<line number="41" hits="2"/>
						<line number="42" hits="2"/>
						<line number="43" hits="2"/>
						<line number="44" hits="2"/>
						<line number="45" hits="4"/>
						<line number="46" hits="4"/>
						<line number="47" hits="4"/>
						<line number="48" hits="4"/>
						<line number="49" hits="2"/>
						<line number="50" hits="2"/>
						<line number="51" hits="2"/>
						<line number="52" hits="2"/>
						<line number="53" hits="6"/>
						<line number="55" hits="2"/>
						<line number="82" hits="4"/>
						<line number="83" hits="1"/>
						<line number="84" hits="1"/>
						<line number="85" hits="1"/>
						<line number="86" hits="1"/>
						<line number="87" hits="1"/>
						<line number="88" hits="1"/>
						<line number="89" hits="1"/>
						<line number="90" hits="1"/>
						<line number="91" hits="1"/>
						<line number="92" hits="1"/>
						<line number="93" hits="1"/>
						<line number="94" hits="1"/>
						<line number="95" hits="1"/>
						<line number="96" hits="1"/>
						<line number="123" hits="4"/>
						<line number="124" hits="1"/>
						<line number="125" hits="1"/>
						<line number="126" hits="1"/>
						<line number="127" hits="1"/>
						<line number="128" hits="1"/>
						<line number="129" hits="1"/>
						<line number="130" hits="1"/>
						<line number="131" hits="1"/>
						<line number="132" hits="1"/>
						<line number="133" hits="1"/>
						<line number="134" hits="1"/>
						<line number="135" hits="1"/>
						<line number="162" hits="4"/>
						<line number="163" hits="1"/>
						<line number="164" hits="3"/>
						<line number="165" hits="1"/>
						<line number="167" hits="2"/>
						<line number="168" hits="2"/>
						<line number="170" hits="2"/>
						<line number="171" hits="2"/>
						<line number="172" hits="4"/>
						<line number="173" hits="4"/>
					</lines>
				</class>
				<class name="point_cr" filename="secp256k1/point.cr" branch-rate="1.0" complexity="1.0" line-rate="1.000">
					<lines>
						<line number="58" hits="3"/>
						<line number="59" hits="1"/>
						<line number="60" hits="1"/>
						<line number="84" hits="3"/>
						<line number="85" hits="1"/>
						<line number="86" hits="1"/>
						<line number="87" hits="1"/>
						<line number="109" hits="4"/>
						<line number="110" hits="1"/>
						<line number="111" hits="2"/>
						<line number="112" hits="2"/>
						<line number="113" hits="1"/>
						<line number="114" hits="1"/>
						<line number="115" hits="2"/>
						<line number="116" hits="1"/>
						<line number="117" hits="2"/>
						<line number="118" hits="1"/>
						<line number="119" hits="1"/>
						<line number="121" hits="1"/>
						<line number="122" hits="1"/>
						<line number="123" hits="1"/>
						<line number="124" hits="1"/>
						<line number="125" hits="1"/>
						<line number="127" hits="1"/>
						<line number="128" hits="1"/>
						<line number="130" hits="1"/>
						<line number="131" hits="2"/>
						<line number="133" hits="2"/>
						<line number="136" hits="3"/>
						<line number="148" hits="1"/>
						<line number="149" hits="1"/>
						<line number="150" hits="1"/>
						<line number="161" hits="2"/>
						<line number="162" hits="1"/>
						<line number="163" hits="1"/>
						<line number="164" hits="1"/>
					</lines>
				</class>
				<class name="key_cr" filename="secp256k1/key.cr" branch-rate="1.0" complexity="1.0" line-rate="1.000">
					<lines>
						<line number="46" hits="3"/>
						<line number="47" hits="1"/>
						<line number="48" hits="1"/>
						<line number="74" hits="3"/>
						<line number="75" hits="1"/>
						<line number="76" hits="1"/>
						<line number="85" hits="2"/>
						<line number="86" hits="1"/>
						<line number="95" hits="2"/>
						<line number="96" hits="1"/>
						<line number="105" hits="2"/>
						<line number="106" hits="1"/>
						<line number="125" hits="2"/>
						<line number="126" hits="1"/>
						<line number="135" hits="2"/>
						<line number="136" hits="1"/>
					</lines>
				</class>
				<class name="num_cr" filename="secp256k1/num.cr" branch-rate="1.0" complexity="1.0" line-rate="1.000">
					<lines>
						<line number="43" hits="3"/>
						<line number="44" hits="1"/>
						<line number="45" hits="1"/>
						<line number="46" hits="2"/>
						<line number="47" hits="1"/>
						<line number="48" hits="1"/>
						<line number="50" hits="1"/>
						<line number="51" hits="1"/>
						<line number="52" hits="1"/>
						<line number="67" hits="4"/>
						<line number="68" hits="1"/>
						<line number="69" hits="1"/>
						<line number="70" hits="1"/>
						<line number="71" hits="1"/>
						<line number="72" hits="1"/>
						<line number="87" hits="4"/>
						<line number="88" hits="1"/>
						<line number="89" hits="1"/>
						<line number="90" hits="1"/>
						<line number="91" hits="1"/>
						<line number="92" hits="1"/>
						<line number="107" hits="4"/>
						<line number="108" hits="1"/>
						<line number="109" hits="1"/>
						<line number="110" hits="1"/>
						<line number="129" hits="2"/>
						<line number="130" hits="1"/>
						<line number="142" hits="4"/>
						<line number="143" hits="1"/>
						<line number="144" hits="1"/>
						<line number="145" hits="1"/>
						<line number="179" hits="3"/>
						<line number="180" hits="1"/>
						<line number="181" hits="1"/>
						<line number="182" hits="1"/>
						<line number="188" hits="2"/>
						<line number="189" hits="2"/>
						<line number="190" hits="1"/>
						<line number="198" hits="1"/>
						<line number="199" hits="1"/>
						<line number="200" hits="1"/>
						<line number="207" hits="2"/>
						<line number="208" hits="1"/>
						<line number="209" hits="1"/>
						<line number="211" hits="2"/>
						<line number="212" hits="1"/>
						<line number="215" hits="1"/>
					</lines>
				</class>
				<class name="signature_cr" filename="secp256k1/signature.cr" branch-rate="1.0" complexity="1.0" line-rate="1.000">
					<lines>
						<line number="59" hits="3"/>
						<line number="60" hits="1"/>
						<line number="61" hits="1"/>
						<line number="62" hits="1"/>
						<line number="75" hits="2"/>
						<line number="76" hits="1"/>
					</lines>
				</class>
				<class name="secp256k1_cr" filename="secp256k1.cr" branch-rate="1.0" complexity="1.0" line-rate="1.000">
					<lines>
						<line number="40" hits="3"/>
						<line number="43" hits="3"/>
						<line number="47" hits="3"/>
						<line number="48" hits="1"/>
						<line number="49" hits="1"/>
					</lines>
				</class>
			</classes>
		</package>
	</packages>
</coverage>
