<?xml version="1.0" ?>
<!DOCTYPE coverage SYSTEM 'http://cobertura.sourceforge.net/xml/coverage-04.dtd'>
<coverage line-rate="0.975" lines-covered="235" lines-valid="241" branch-rate="1.0" branches-covered="1.0" branches-rate="1.0" complexity="1.0" version="1.9" timestamp="1649161433">
	<sources>
		<source>/home/user/.opt/q9f/secp256k1.cr/src/secp256k1/</source>
	</sources>
	<packages>
		<package name="run_coverage" line-rate="0.975" lines-covered="235" lines-valid="241" branch-rate="1.0" complexity="1.0">
			<classes>
				<class name="util_cr" filename="util.cr" branch-rate="1.0" complexity="1.0" line-rate="1.000">
					<lines>
						<line number="18" hits="6"/>
						<line number="19" hits="2"/>
						<line number="21" hits="1"/>
						<line number="23" hits="1"/>
						<line number="27" hits="6"/>
						<line number="28" hits="2"/>
						<line number="30" hits="1"/>
						<line number="32" hits="1"/>
						<line number="36" hits="2"/>
						<line number="37" hits="2"/>
						<line number="39" hits="1"/>
						<line number="41" hits="1"/>
						<line number="45" hits="2"/>
						<line number="46" hits="2"/>
						<line number="48" hits="1"/>
						<line number="50" hits="1"/>
						<line number="54" hits="2"/>
						<line number="55" hits="1"/>
						<line number="57" hits="1"/>
						<line number="60" hits="1"/>
						<line number="62" hits="1"/>
					</lines>
				</class>
				<class name="curve_cr" filename="curve.cr" branch-rate="1.0" complexity="1.0" line-rate="1.000">
					<lines>
						<line number="21" hits="8"/>
						<line number="22" hits="1"/>
						<line number="23" hits="2"/>
						<line number="24" hits="2"/>
						<line number="25" hits="2"/>
						<line number="26" hits="2"/>
						<line number="27" hits="2"/>
						<line number="28" hits="2"/>
						<line number="29" hits="4"/>
						<line number="30" hits="4"/>
						<line number="31" hits="4"/>
						<line number="32" hits="4"/>
						<line number="33" hits="2"/>
						<line number="34" hits="2"/>
						<line number="35" hits="2"/>
						<line number="36" hits="2"/>
						<line number="37" hits="6"/>
						<line number="39" hits="2"/>
						<line number="42" hits="4"/>
						<line number="43" hits="1"/>
						<line number="44" hits="1"/>
						<line number="45" hits="1"/>
						<line number="46" hits="1"/>
						<line number="47" hits="1"/>
						<line number="48" hits="1"/>
						<line number="49" hits="1"/>
						<line number="50" hits="1"/>
						<line number="51" hits="1"/>
						<line number="52" hits="1"/>
						<line number="53" hits="1"/>
						<line number="54" hits="1"/>
						<line number="55" hits="1"/>
						<line number="56" hits="1"/>
						<line number="59" hits="4"/>
						<line number="60" hits="1"/>
						<line number="61" hits="1"/>
						<line number="62" hits="1"/>
						<line number="63" hits="1"/>
						<line number="64" hits="1"/>
						<line number="65" hits="1"/>
						<line number="66" hits="1"/>
						<line number="67" hits="1"/>
						<line number="68" hits="1"/>
						<line number="69" hits="1"/>
						<line number="70" hits="1"/>
						<line number="71" hits="1"/>
						<line number="74" hits="4"/>
						<line number="75" hits="1"/>
						<line number="76" hits="3"/>
						<line number="77" hits="1"/>
						<line number="79" hits="2"/>
						<line number="80" hits="2"/>
						<line number="82" hits="2"/>
						<line number="83" hits="2"/>
						<line number="84" hits="4"/>
						<line number="85" hits="4"/>
					</lines>
				</class>
				<class name="context_cr" filename="context.cr" branch-rate="1.0" complexity="1.0" line-rate="0.902">
					<lines>
						<line number="16" hits="2"/>
						<line number="17" hits="1"/>
						<line number="18" hits="1"/>
						<line number="19" hits="1"/>
						<line number="20" hits="1"/>
						<line number="21" hits="1"/>
						<line number="22" hits="1"/>
						<line number="23" hits="1"/>
						<line number="24" hits="1"/>
						<line number="25" hits="1"/>
						<line number="26" hits="1"/>
						<line number="27" hits="2"/>
						<line number="28" hits="0"/>
						<line number="29" hits="2"/>
						<line number="30" hits="0"/>
						<line number="31" hits="2"/>
						<line number="32" hits="1"/>
						<line number="34" hits="4"/>
						<line number="36" hits="1"/>
						<line number="37" hits="1"/>
						<line number="38" hits="1"/>
						<line number="39" hits="1"/>
						<line number="42" hits="2"/>
						<line number="43" hits="1"/>
						<line number="44" hits="1"/>
						<line number="45" hits="1"/>
						<line number="46" hits="1"/>
						<line number="47" hits="1"/>
						<line number="50" hits="4"/>
						<line number="51" hits="1"/>
						<line number="52" hits="1"/>
						<line number="53" hits="1"/>
						<line number="54" hits="2"/>
						<line number="55" hits="3"/>
						<line number="56" hits="3"/>
						<line number="57" hits="3"/>
						<line number="58" hits="2"/>
						<line number="59" hits="2"/>
						<line number="60" hits="3"/>
						<line number="61" hits="3"/>
						<line number="62" hits="3"/>
						<line number="63" hits="2"/>
						<line number="65" hits="1"/>
						<line number="66" hits="2"/>
						<line number="67" hits="3"/>
						<line number="68" hits="2"/>
						<line number="70" hits="1"/>
						<line number="71" hits="2"/>
						<line number="74" hits="0"/>
						<line number="75" hits="0"/>
						<line number="76" hits="0"/>
					</lines>
				</class>
				<class name="point_cr" filename="point.cr" branch-rate="1.0" complexity="1.0" line-rate="1.000">
					<lines>
						<line number="24" hits="3"/>
						<line number="25" hits="1"/>
						<line number="26" hits="1"/>
						<line number="29" hits="3"/>
						<line number="30" hits="1"/>
						<line number="31" hits="1"/>
						<line number="32" hits="1"/>
						<line number="35" hits="4"/>
						<line number="36" hits="1"/>
						<line number="37" hits="2"/>
						<line number="38" hits="2"/>
						<line number="39" hits="1"/>
						<line number="40" hits="1"/>
						<line number="41" hits="2"/>
						<line number="42" hits="1"/>
						<line number="43" hits="2"/>
						<line number="44" hits="1"/>
						<line number="45" hits="1"/>
						<line number="47" hits="1"/>
						<line number="48" hits="1"/>
						<line number="49" hits="1"/>
						<line number="50" hits="1"/>
						<line number="51" hits="1"/>
						<line number="53" hits="1"/>
						<line number="54" hits="1"/>
						<line number="56" hits="1"/>
						<line number="57" hits="2"/>
						<line number="59" hits="2"/>
						<line number="62" hits="3"/>
						<line number="66" hits="1"/>
						<line number="67" hits="1"/>
						<line number="68" hits="1"/>
						<line number="71" hits="2"/>
						<line number="72" hits="1"/>
						<line number="73" hits="1"/>
						<line number="74" hits="1"/>
					</lines>
				</class>
				<class name="key_cr" filename="key.cr" branch-rate="1.0" complexity="1.0" line-rate="1.000">
					<lines>
						<line number="19" hits="3"/>
						<line number="20" hits="1"/>
						<line number="21" hits="1"/>
						<line number="24" hits="3"/>
						<line number="25" hits="1"/>
						<line number="26" hits="1"/>
						<line number="29" hits="2"/>
						<line number="30" hits="1"/>
						<line number="33" hits="2"/>
						<line number="34" hits="1"/>
						<line number="37" hits="2"/>
						<line number="38" hits="1"/>
						<line number="41" hits="2"/>
						<line number="42" hits="1"/>
					</lines>
				</class>
				<class name="num_cr" filename="num.cr" branch-rate="1.0" complexity="1.0" line-rate="0.981">
					<lines>
						<line number="20" hits="3"/>
						<line number="21" hits="1"/>
						<line number="22" hits="1"/>
						<line number="23" hits="2"/>
						<line number="24" hits="1"/>
						<line number="25" hits="1"/>
						<line number="27" hits="1"/>
						<line number="28" hits="1"/>
						<line number="29" hits="1"/>
						<line number="32" hits="4"/>
						<line number="33" hits="1"/>
						<line number="34" hits="1"/>
						<line number="35" hits="1"/>
						<line number="36" hits="1"/>
						<line number="37" hits="1"/>
						<line number="40" hits="4"/>
						<line number="41" hits="1"/>
						<line number="42" hits="1"/>
						<line number="43" hits="1"/>
						<line number="44" hits="1"/>
						<line number="45" hits="1"/>
						<line number="48" hits="4"/>
						<line number="49" hits="1"/>
						<line number="50" hits="1"/>
						<line number="51" hits="1"/>
						<line number="58" hits="2"/>
						<line number="59" hits="1"/>
						<line number="62" hits="4"/>
						<line number="63" hits="1"/>
						<line number="64" hits="1"/>
						<line number="65" hits="1"/>
						<line number="78" hits="3"/>
						<line number="79" hits="1"/>
						<line number="80" hits="1"/>
						<line number="81" hits="1"/>
						<line number="82" hits="0"/>
						<line number="83" hits="1"/>
						<line number="84" hits="1"/>
						<line number="85" hits="1"/>
						<line number="86" hits="1"/>
						<line number="87" hits="1"/>
						<line number="88" hits="2"/>
						<line number="93" hits="2"/>
						<line number="94" hits="2"/>
						<line number="95" hits="1"/>
						<line number="102" hits="1"/>
						<line number="103" hits="1"/>
						<line number="104" hits="1"/>
						<line number="110" hits="2"/>
						<line number="111" hits="1"/>
						<line number="112" hits="1"/>
						<line number="114" hits="2"/>
						<line number="115" hits="1"/>
						<line number="118" hits="1"/>
					</lines>
				</class>
				<class name="signature_cr" filename="signature.cr" branch-rate="1.0" complexity="1.0" line-rate="1.000">
					<lines>
						<line number="20" hits="3"/>
						<line number="21" hits="1"/>
						<line number="22" hits="1"/>
						<line number="23" hits="1"/>
						<line number="26" hits="2"/>
						<line number="27" hits="1"/>
					</lines>
				</class>
				<class name="secp256k1_cr" filename="cr" branch-rate="1.0" complexity="1.0" line-rate="1.000">
					<lines>
						<line number="30" hits="3"/>
						<line number="31" hits="3"/>
						<line number="32" hits="3"/>
					</lines>
				</class>
			</classes>
		</package>
	</packages>
</coverage>
