<?xml version="1.0" ?>
<!DOCTYPE coverage SYSTEM 'http://cobertura.sourceforge.net/xml/coverage-04.dtd'>
<coverage line-rate="0.975" lines-covered="237" lines-valid="243" branch-rate="1.0" branches-covered="1.0" branches-rate="1.0" complexity="1.0" version="1.9" timestamp="1649178166">
	<sources>
		<source>/home/user/.opt/q9f/secp256k1.cr/src/secp256k1/</source>
	</sources>
	<packages>
		<package name="run_coverage" line-rate="0.975" lines-covered="237" lines-valid="243" branch-rate="1.0" complexity="1.0">
			<classes>
				<class name="util_cr" filename="util.cr" branch-rate="1.0" complexity="1.0" line-rate="0.932">
					<lines>
						<line number="35" hits="6"/>
						<line number="36" hits="2"/>
						<line number="38" hits="1"/>
						<line number="40" hits="1"/>
						<line number="59" hits="6"/>
						<line number="60" hits="2"/>
						<line number="62" hits="1"/>
						<line number="64" hits="1"/>
						<line number="82" hits="2"/>
						<line number="83" hits="2"/>
						<line number="85" hits="1"/>
						<line number="87" hits="1"/>
						<line number="105" hits="2"/>
						<line number="106" hits="2"/>
						<line number="108" hits="1"/>
						<line number="110" hits="1"/>
						<line number="133" hits="4"/>
						<line number="134" hits="1"/>
						<line number="135" hits="1"/>
						<line number="136" hits="1"/>
						<line number="137" hits="2"/>
						<line number="138" hits="3"/>
						<line number="139" hits="3"/>
						<line number="140" hits="3"/>
						<line number="141" hits="2"/>
						<line number="142" hits="2"/>
						<line number="143" hits="3"/>
						<line number="144" hits="3"/>
						<line number="145" hits="3"/>
						<line number="146" hits="2"/>
						<line number="148" hits="1"/>
						<line number="149" hits="2"/>
						<line number="150" hits="3"/>
						<line number="151" hits="2"/>
						<line number="153" hits="1"/>
						<line number="154" hits="2"/>
						<line number="157" hits="0"/>
						<line number="158" hits="0"/>
						<line number="159" hits="0"/>
						<line number="175" hits="2"/>
						<line number="176" hits="1"/>
						<line number="178" hits="1"/>
						<line number="181" hits="1"/>
						<line number="183" hits="1"/>
					</lines>
				</class>
				<class name="curve_cr" filename="curve.cr" branch-rate="1.0" complexity="1.0" line-rate="1.000">
					<lines>
						<line number="35" hits="8"/>
						<line number="36" hits="1"/>
						<line number="37" hits="2"/>
						<line number="38" hits="2"/>
						<line number="39" hits="2"/>
						<line number="40" hits="2"/>
						<line number="41" hits="2"/>
						<line number="42" hits="2"/>
						<line number="43" hits="4"/>
						<line number="44" hits="4"/>
						<line number="45" hits="4"/>
						<line number="46" hits="4"/>
						<line number="47" hits="2"/>
						<line number="48" hits="2"/>
						<line number="49" hits="2"/>
						<line number="50" hits="2"/>
						<line number="51" hits="6"/>
						<line number="53" hits="2"/>
						<line number="79" hits="4"/>
						<line number="80" hits="1"/>
						<line number="81" hits="1"/>
						<line number="82" hits="1"/>
						<line number="83" hits="1"/>
						<line number="84" hits="1"/>
						<line number="85" hits="1"/>
						<line number="86" hits="1"/>
						<line number="87" hits="1"/>
						<line number="88" hits="1"/>
						<line number="89" hits="1"/>
						<line number="90" hits="1"/>
						<line number="91" hits="1"/>
						<line number="92" hits="1"/>
						<line number="93" hits="1"/>
						<line number="118" hits="4"/>
						<line number="119" hits="1"/>
						<line number="120" hits="1"/>
						<line number="121" hits="1"/>
						<line number="122" hits="1"/>
						<line number="123" hits="1"/>
						<line number="124" hits="1"/>
						<line number="125" hits="1"/>
						<line number="126" hits="1"/>
						<line number="127" hits="1"/>
						<line number="128" hits="1"/>
						<line number="129" hits="1"/>
						<line number="130" hits="1"/>
						<line number="155" hits="4"/>
						<line number="156" hits="1"/>
						<line number="157" hits="3"/>
						<line number="158" hits="1"/>
						<line number="160" hits="2"/>
						<line number="161" hits="2"/>
						<line number="163" hits="2"/>
						<line number="164" hits="2"/>
						<line number="165" hits="4"/>
						<line number="166" hits="4"/>
					</lines>
				</class>
				<class name="context_cr" filename="context.cr" branch-rate="1.0" complexity="1.0" line-rate="0.929">
					<lines>
						<line number="48" hits="2"/>
						<line number="49" hits="1"/>
						<line number="50" hits="1"/>
						<line number="51" hits="1"/>
						<line number="52" hits="1"/>
						<line number="53" hits="1"/>
						<line number="54" hits="1"/>
						<line number="55" hits="1"/>
						<line number="56" hits="1"/>
						<line number="57" hits="1"/>
						<line number="58" hits="1"/>
						<line number="59" hits="2"/>
						<line number="60" hits="0"/>
						<line number="61" hits="2"/>
						<line number="62" hits="0"/>
						<line number="63" hits="2"/>
						<line number="64" hits="1"/>
						<line number="66" hits="4"/>
						<line number="68" hits="1"/>
						<line number="69" hits="1"/>
						<line number="70" hits="1"/>
						<line number="71" hits="1"/>
						<line number="93" hits="2"/>
						<line number="94" hits="1"/>
						<line number="95" hits="1"/>
						<line number="96" hits="1"/>
						<line number="97" hits="1"/>
						<line number="98" hits="1"/>
					</lines>
				</class>
				<class name="point_cr" filename="point.cr" branch-rate="1.0" complexity="1.0" line-rate="1.000">
					<lines>
						<line number="56" hits="3"/>
						<line number="57" hits="1"/>
						<line number="58" hits="1"/>
						<line number="80" hits="3"/>
						<line number="81" hits="1"/>
						<line number="82" hits="1"/>
						<line number="83" hits="1"/>
						<line number="105" hits="4"/>
						<line number="106" hits="1"/>
						<line number="107" hits="2"/>
						<line number="108" hits="2"/>
						<line number="109" hits="1"/>
						<line number="110" hits="1"/>
						<line number="111" hits="2"/>
						<line number="112" hits="1"/>
						<line number="113" hits="2"/>
						<line number="114" hits="1"/>
						<line number="115" hits="1"/>
						<line number="117" hits="1"/>
						<line number="118" hits="1"/>
						<line number="119" hits="1"/>
						<line number="120" hits="1"/>
						<line number="121" hits="1"/>
						<line number="123" hits="1"/>
						<line number="124" hits="1"/>
						<line number="126" hits="1"/>
						<line number="127" hits="2"/>
						<line number="129" hits="2"/>
						<line number="132" hits="3"/>
						<line number="144" hits="1"/>
						<line number="145" hits="1"/>
						<line number="146" hits="1"/>
						<line number="157" hits="2"/>
						<line number="158" hits="1"/>
						<line number="159" hits="1"/>
						<line number="160" hits="1"/>
					</lines>
				</class>
				<class name="key_cr" filename="key.cr" branch-rate="1.0" complexity="1.0" line-rate="1.000">
					<lines>
						<line number="46" hits="3"/>
						<line number="47" hits="1"/>
						<line number="48" hits="1"/>
						<line number="74" hits="3"/>
						<line number="75" hits="1"/>
						<line number="76" hits="1"/>
						<line number="85" hits="2"/>
						<line number="86" hits="1"/>
						<line number="95" hits="2"/>
						<line number="96" hits="1"/>
						<line number="105" hits="2"/>
						<line number="106" hits="1"/>
						<line number="125" hits="2"/>
						<line number="126" hits="1"/>
					</lines>
				</class>
				<class name="num_cr" filename="num.cr" branch-rate="1.0" complexity="1.0" line-rate="0.981">
					<lines>
						<line number="42" hits="3"/>
						<line number="43" hits="1"/>
						<line number="44" hits="1"/>
						<line number="45" hits="2"/>
						<line number="46" hits="1"/>
						<line number="47" hits="1"/>
						<line number="49" hits="1"/>
						<line number="50" hits="1"/>
						<line number="51" hits="1"/>
						<line number="66" hits="4"/>
						<line number="67" hits="1"/>
						<line number="68" hits="1"/>
						<line number="69" hits="1"/>
						<line number="70" hits="1"/>
						<line number="71" hits="1"/>
						<line number="86" hits="4"/>
						<line number="87" hits="1"/>
						<line number="88" hits="1"/>
						<line number="89" hits="1"/>
						<line number="90" hits="1"/>
						<line number="91" hits="1"/>
						<line number="106" hits="4"/>
						<line number="107" hits="1"/>
						<line number="108" hits="1"/>
						<line number="109" hits="1"/>
						<line number="128" hits="2"/>
						<line number="129" hits="1"/>
						<line number="141" hits="4"/>
						<line number="142" hits="1"/>
						<line number="143" hits="1"/>
						<line number="144" hits="1"/>
						<line number="178" hits="3"/>
						<line number="179" hits="1"/>
						<line number="180" hits="1"/>
						<line number="181" hits="1"/>
						<line number="182" hits="0"/>
						<line number="183" hits="1"/>
						<line number="184" hits="1"/>
						<line number="185" hits="1"/>
						<line number="186" hits="1"/>
						<line number="187" hits="1"/>
						<line number="188" hits="2"/>
						<line number="194" hits="2"/>
						<line number="195" hits="2"/>
						<line number="196" hits="1"/>
						<line number="204" hits="1"/>
						<line number="205" hits="1"/>
						<line number="206" hits="1"/>
						<line number="213" hits="2"/>
						<line number="214" hits="1"/>
						<line number="215" hits="1"/>
						<line number="217" hits="2"/>
						<line number="218" hits="1"/>
						<line number="221" hits="1"/>
					</lines>
				</class>
				<class name="signature_cr" filename="signature.cr" branch-rate="1.0" complexity="1.0" line-rate="1.000">
					<lines>
						<line number="59" hits="3"/>
						<line number="60" hits="1"/>
						<line number="61" hits="1"/>
						<line number="62" hits="1"/>
						<line number="75" hits="2"/>
						<line number="76" hits="1"/>
					</lines>
				</class>
				<class name="secp256k1_cr" filename="cr" branch-rate="1.0" complexity="1.0" line-rate="1.000">
					<lines>
						<line number="40" hits="3"/>
						<line number="43" hits="3"/>
						<line number="47" hits="3"/>
						<line number="48" hits="1"/>
						<line number="49" hits="1"/>
					</lines>
				</class>
			</classes>
		</package>
	</packages>
</coverage>
